<?xml version="1.0" encoding="UTF-8"?>
<!-- Generated by org.testng.reporters.JUnitReportReporter -->
<testsuite hostname="DESKTOP-NNDQ7J5" failures="0" tests="1" name="test.test1" time="0.771" errors="0" timestamp="2022-04-11T22:49:25 IST" skipped="0">
  <testcase classname="test.test1" name="readData" time="0.771"/>
  <system-out/>
</testsuite> <!-- test.test1 -->
